<?xml version="1.0" encoding="UTF-8"?>
<!-- Generated by org.testng.reporters.JUnitXMLReporter -->
<testsuite ignored="0" hostname="DESKTOP-5EVK54D" failures="0" tests="4" name="Default test" time="46.154" errors="0" timestamp="2022-12-20T08:54:44 IST">
  <testcase classname="testngdiscussion.TestCase" name="navToUrl" time="13.976"/>
  <testcase classname="testngdiscussion.TestCase" name="enterUsername" time="5.479"/>
  <testcase classname="testngdiscussion.TestCase" name="enterPassword" time="0.591"/>
  <testcase classname="testngdiscussion.TestCase" name="getTitleOfpage" time="25.999"/>
</testsuite> <!-- Default test -->
