<?xml version="1.0" encoding="UTF-8"?>
<!-- Generated by org.testng.reporters.JUnitXMLReporter -->
<testsuite ignored="0" hostname="DESKTOP-5EVK54D" failures="0" tests="3" name="Test" time="97.142" errors="0" timestamp="2022-12-17T09:05:16 IST">
  <testcase classname="testngdiscussion.ParallelTestCaseExecution" name="testCase3" time="89.578"/>
  <testcase classname="testngdiscussion.ParallelTestCaseExecution" name="testCase2" time="89.878"/>
  <testcase classname="testngdiscussion.ParallelTestCaseExecution" name="amazonTest" time="97.021"/>
</testsuite> <!-- Test -->
