<?xml version="1.0" encoding="UTF-8"?>
<testng-results ignored="0" total="2" passed="2" failed="0" skipped="0">
  <reporter-output>
  </reporter-output>
  <suite started-at="2022-12-10T08:09:21 IST" name="Default suite" finished-at="2022-12-10T08:09:21 IST" duration-ms="115">
    <groups>
    </groups>
    <test started-at="2022-12-10T08:09:21 IST" name="Default test" finished-at="2022-12-10T08:09:21 IST" duration-ms="115">
      <class name="testngdiscussion.Annotations">
        <test-method is-config="true" signature="beforeClass()[pri:0, instance:testngdiscussion.Annotations@3527942a]" started-at="2022-12-10T08:09:21 IST" name="beforeClass" finished-at="2022-12-10T08:09:21 IST" duration-ms="12" status="PASS">
          <reporter-output>
          </reporter-output>
        </test-method> <!-- beforeClass -->
        <test-method is-config="true" signature="beforeMethod()[pri:0, instance:testngdiscussion.Annotations@3527942a]" started-at="2022-12-10T08:09:21 IST" name="beforeMethod" finished-at="2022-12-10T08:09:21 IST" duration-ms="0" status="PASS">
          <reporter-output>
          </reporter-output>
        </test-method> <!-- beforeMethod -->
        <test-method signature="testCase1()[pri:0, instance:testngdiscussion.Annotations@3527942a]" started-at="2022-12-10T08:09:21 IST" name="testCase1" finished-at="2022-12-10T08:09:21 IST" duration-ms="9" status="PASS">
          <reporter-output>
          </reporter-output>
        </test-method> <!-- testCase1 -->
        <test-method is-config="true" signature="afterMethod()[pri:0, instance:testngdiscussion.Annotations@3527942a]" started-at="2022-12-10T08:09:21 IST" name="afterMethod" finished-at="2022-12-10T08:09:21 IST" duration-ms="1" status="PASS">
          <reporter-output>
          </reporter-output>
        </test-method> <!-- afterMethod -->
        <test-method is-config="true" signature="beforeMethod()[pri:0, instance:testngdiscussion.Annotations@3527942a]" started-at="2022-12-10T08:09:21 IST" name="beforeMethod" finished-at="2022-12-10T08:09:21 IST" duration-ms="0" status="PASS">
          <reporter-output>
          </reporter-output>
        </test-method> <!-- beforeMethod -->
        <test-method signature="testCase2()[pri:0, instance:testngdiscussion.Annotations@3527942a]" started-at="2022-12-10T08:09:21 IST" name="testCase2" finished-at="2022-12-10T08:09:21 IST" duration-ms="3" status="PASS">
          <reporter-output>
          </reporter-output>
        </test-method> <!-- testCase2 -->
        <test-method is-config="true" signature="afterMethod()[pri:0, instance:testngdiscussion.Annotations@3527942a]" started-at="2022-12-10T08:09:21 IST" name="afterMethod" finished-at="2022-12-10T08:09:21 IST" duration-ms="1" status="PASS">
          <reporter-output>
          </reporter-output>
        </test-method> <!-- afterMethod -->
        <test-method is-config="true" signature="afterClass()[pri:0, instance:testngdiscussion.Annotations@3527942a]" started-at="2022-12-10T08:09:21 IST" name="afterClass" finished-at="2022-12-10T08:09:21 IST" duration-ms="0" status="PASS">
          <reporter-output>
          </reporter-output>
        </test-method> <!-- afterClass -->
      </class> <!-- testngdiscussion.Annotations -->
    </test> <!-- Default test -->
  </suite> <!-- Default suite -->
</testng-results>
