<?xml version="1.0" encoding="UTF-8"?>
<testng-results ignored="0" total="3" passed="3" failed="0" skipped="0">
  <reporter-output>
  </reporter-output>
  <suite started-at="2022-12-17T09:03:39 IST" name="Suite" finished-at="2022-12-17T09:05:16 IST" duration-ms="97142">
    <groups>
    </groups>
    <test started-at="2022-12-17T09:03:39 IST" name="Test" finished-at="2022-12-17T09:05:16 IST" duration-ms="97142">
      <class name="testngdiscussion.ParallelTestCaseExecution">
        <test-method signature="amazonTest()[pri:0, instance:testngdiscussion.ParallelTestCaseExecution@5b03b9fe]" started-at="2022-12-17T09:03:39 IST" name="amazonTest" finished-at="2022-12-17T09:05:16 IST" duration-ms="97021" status="PASS">
          <reporter-output>
          </reporter-output>
        </test-method> <!-- amazonTest -->
        <test-method signature="testCase2()[pri:0, instance:testngdiscussion.ParallelTestCaseExecution@5b03b9fe]" started-at="2022-12-17T09:03:39 IST" name="testCase2" finished-at="2022-12-17T09:05:09 IST" duration-ms="89878" status="PASS">
          <reporter-output>
          </reporter-output>
        </test-method> <!-- testCase2 -->
        <test-method signature="testCase3()[pri:0, instance:testngdiscussion.ParallelTestCaseExecution@5b03b9fe]" started-at="2022-12-17T09:03:39 IST" name="testCase3" finished-at="2022-12-17T09:05:09 IST" duration-ms="89578" status="PASS">
          <reporter-output>
          </reporter-output>
        </test-method> <!-- testCase3 -->
      </class> <!-- testngdiscussion.ParallelTestCaseExecution -->
    </test> <!-- Test -->
  </suite> <!-- Suite -->
</testng-results>
