<?xml version="1.0" encoding="UTF-8"?>
<!-- Generated by org.testng.reporters.JUnitXMLReporter -->
<testsuite ignored="0" hostname="DESKTOP-5EVK54D" failures="2" tests="4" name="Signup module" time="22.18" errors="0" timestamp="2022-12-16T09:01:26 IST">
  <testcase classname="testngdiscussion.TestCase" name="navToUrl" time="11.866">
    <failure type="java.lang.AssertionError" message="expected [true] but found [false]">
      <![CDATA[java.lang.AssertionError: expected [true] but found [false]
at testngdiscussion.TestCase.navToUrl(TestCase.java:26)
at java.base/java.util.ArrayList.forEach(ArrayList.java:1511)
... Removed 31 stack frames]]>
    </failure>
  </testcase> <!-- navToUrl -->
  <testcase classname="testngdiscussion.TestCase" name="enterUsername" time="4.382"/>
  <testcase classname="testngdiscussion.TestCase" name="enterPassword" time="0.381"/>
  <testcase classname="testngdiscussion.TestCase" name="getTitleOfpage" time="4.233">
    <failure type="java.lang.AssertionError" message="expected [true] but found [false]">
      <![CDATA[java.lang.AssertionError: expected [true] but found [false]
at testngdiscussion.TestCase.getTitleOfpage(TestCase.java:67)
at java.base/java.util.ArrayList.forEach(ArrayList.java:1511)
... Removed 31 stack frames]]>
    </failure>
  </testcase> <!-- getTitleOfpage -->
</testsuite> <!-- Signup module -->
